Determining if the include file pthread.h exists passed with the following output:
Change Dir: /home/meraxes/git/trees-generator/bin/CMakeFiles/CMakeTmp

Run Build Command:"/usr/bin/make" "cmTC_b6296/fast"
/usr/bin/make -f CMakeFiles/cmTC_b6296.dir/build.make CMakeFiles/cmTC_b6296.dir/build
make[1]: Entering directory '/home/meraxes/git/trees-generator/bin/CMakeFiles/CMakeTmp'
Building C object CMakeFiles/cmTC_b6296.dir/CheckIncludeFile.c.o
/usr/bin/cc    -o CMakeFiles/cmTC_b6296.dir/CheckIncludeFile.c.o   -c /home/meraxes/git/trees-generator/bin/CMakeFiles/CMakeTmp/CheckIncludeFile.c
Linking C executable cmTC_b6296
/usr/bin/cmake -E cmake_link_script CMakeFiles/cmTC_b6296.dir/link.txt --verbose=1
/usr/bin/cc      CMakeFiles/cmTC_b6296.dir/CheckIncludeFile.c.o  -o cmTC_b6296 
make[1]: Leaving directory '/home/meraxes/git/trees-generator/bin/CMakeFiles/CMakeTmp'


Determining if the function pthread_create exists in the pthread passed with the following output:
Change Dir: /home/meraxes/git/trees-generator/bin/CMakeFiles/CMakeTmp

Run Build Command:"/usr/bin/make" "cmTC_fd798/fast"
/usr/bin/make -f CMakeFiles/cmTC_fd798.dir/build.make CMakeFiles/cmTC_fd798.dir/build
make[1]: Entering directory '/home/meraxes/git/trees-generator/bin/CMakeFiles/CMakeTmp'
Building C object CMakeFiles/cmTC_fd798.dir/CheckFunctionExists.c.o
/usr/bin/cc   -DCHECK_FUNCTION_EXISTS=pthread_create   -o CMakeFiles/cmTC_fd798.dir/CheckFunctionExists.c.o   -c /usr/share/cmake-3.9/Modules/CheckFunctionExists.c
Linking C executable cmTC_fd798
/usr/bin/cmake -E cmake_link_script CMakeFiles/cmTC_fd798.dir/link.txt --verbose=1
/usr/bin/cc  -DCHECK_FUNCTION_EXISTS=pthread_create    CMakeFiles/cmTC_fd798.dir/CheckFunctionExists.c.o  -o cmTC_fd798 -lpthread 
make[1]: Leaving directory '/home/meraxes/git/trees-generator/bin/CMakeFiles/CMakeTmp'


Determining if the include file pthread.h exists passed with the following output:
Change Dir: /home/meraxes/git/trees-generator/bin/CMakeFiles/CMakeTmp

Run Build Command:"/usr/bin/make" "cmTC_dbe2d/fast"
/usr/bin/make -f CMakeFiles/cmTC_dbe2d.dir/build.make CMakeFiles/cmTC_dbe2d.dir/build
make[1]: Entering directory '/home/meraxes/git/trees-generator/bin/CMakeFiles/CMakeTmp'
Building C object CMakeFiles/cmTC_dbe2d.dir/CheckIncludeFile.c.o
/usr/bin/cc    -o CMakeFiles/cmTC_dbe2d.dir/CheckIncludeFile.c.o   -c /home/meraxes/git/trees-generator/bin/CMakeFiles/CMakeTmp/CheckIncludeFile.c
Linking C executable cmTC_dbe2d
/etc/clion-2017.2.3/bin/cmake/bin/cmake -E cmake_link_script CMakeFiles/cmTC_dbe2d.dir/link.txt --verbose=1
/usr/bin/cc      CMakeFiles/cmTC_dbe2d.dir/CheckIncludeFile.c.o  -o cmTC_dbe2d 
make[1]: Leaving directory '/home/meraxes/git/trees-generator/bin/CMakeFiles/CMakeTmp'


Determining if the function pthread_create exists in the pthread passed with the following output:
Change Dir: /home/meraxes/git/trees-generator/bin/CMakeFiles/CMakeTmp

Run Build Command:"/usr/bin/make" "cmTC_456ad/fast"
/usr/bin/make -f CMakeFiles/cmTC_456ad.dir/build.make CMakeFiles/cmTC_456ad.dir/build
make[1]: Entering directory '/home/meraxes/git/trees-generator/bin/CMakeFiles/CMakeTmp'
Building C object CMakeFiles/cmTC_456ad.dir/CheckFunctionExists.c.o
/usr/bin/cc   -DCHECK_FUNCTION_EXISTS=pthread_create   -o CMakeFiles/cmTC_456ad.dir/CheckFunctionExists.c.o   -c /etc/clion-2017.2.3/bin/cmake/share/cmake-3.9/Modules/CheckFunctionExists.c
Linking C executable cmTC_456ad
/etc/clion-2017.2.3/bin/cmake/bin/cmake -E cmake_link_script CMakeFiles/cmTC_456ad.dir/link.txt --verbose=1
/usr/bin/cc  -DCHECK_FUNCTION_EXISTS=pthread_create    CMakeFiles/cmTC_456ad.dir/CheckFunctionExists.c.o  -o cmTC_456ad -lpthread 
make[1]: Leaving directory '/home/meraxes/git/trees-generator/bin/CMakeFiles/CMakeTmp'


