Determining if the pthread_create exist failed with the following output:
Change Dir: /home/meraxes/git/trees-generator/bin/CMakeFiles/CMakeTmp

Run Build Command:"/usr/bin/make" "cmTC_950f5/fast"
/usr/bin/make -f CMakeFiles/cmTC_950f5.dir/build.make CMakeFiles/cmTC_950f5.dir/build
make[1]: Entering directory '/home/meraxes/git/trees-generator/bin/CMakeFiles/CMakeTmp'
Building C object CMakeFiles/cmTC_950f5.dir/CheckSymbolExists.c.o
/usr/bin/cc    -o CMakeFiles/cmTC_950f5.dir/CheckSymbolExists.c.o   -c /home/meraxes/git/trees-generator/bin/CMakeFiles/CMakeTmp/CheckSymbolExists.c
Linking C executable cmTC_950f5
/usr/bin/cmake -E cmake_link_script CMakeFiles/cmTC_950f5.dir/link.txt --verbose=1
/usr/bin/cc      CMakeFiles/cmTC_950f5.dir/CheckSymbolExists.c.o  -o cmTC_950f5 
CMakeFiles/cmTC_950f5.dir/CheckSymbolExists.c.o: In function `main':
CheckSymbolExists.c:(.text+0x1b): undefined reference to `pthread_create'
collect2: error: ld returned 1 exit status
CMakeFiles/cmTC_950f5.dir/build.make:97: recipe for target 'cmTC_950f5' failed
make[1]: *** [cmTC_950f5] Error 1
make[1]: Leaving directory '/home/meraxes/git/trees-generator/bin/CMakeFiles/CMakeTmp'
Makefile:126: recipe for target 'cmTC_950f5/fast' failed
make: *** [cmTC_950f5/fast] Error 2

File /home/meraxes/git/trees-generator/bin/CMakeFiles/CMakeTmp/CheckSymbolExists.c:
/* */
#include <pthread.h>

int main(int argc, char** argv)
{
  (void)argv;
#ifndef pthread_create
  return ((int*)(&pthread_create))[argc];
#else
  (void)argc;
  return 0;
#endif
}

Determining if the function pthread_create exists in the pthreads failed with the following output:
Change Dir: /home/meraxes/git/trees-generator/bin/CMakeFiles/CMakeTmp

Run Build Command:"/usr/bin/make" "cmTC_e4126/fast"
/usr/bin/make -f CMakeFiles/cmTC_e4126.dir/build.make CMakeFiles/cmTC_e4126.dir/build
make[1]: Entering directory '/home/meraxes/git/trees-generator/bin/CMakeFiles/CMakeTmp'
Building C object CMakeFiles/cmTC_e4126.dir/CheckFunctionExists.c.o
/usr/bin/cc   -DCHECK_FUNCTION_EXISTS=pthread_create   -o CMakeFiles/cmTC_e4126.dir/CheckFunctionExists.c.o   -c /usr/share/cmake-3.9/Modules/CheckFunctionExists.c
Linking C executable cmTC_e4126
/usr/bin/cmake -E cmake_link_script CMakeFiles/cmTC_e4126.dir/link.txt --verbose=1
/usr/bin/cc  -DCHECK_FUNCTION_EXISTS=pthread_create    CMakeFiles/cmTC_e4126.dir/CheckFunctionExists.c.o  -o cmTC_e4126 -lpthreads 
/usr/bin/ld: cannot find -lpthreads
collect2: error: ld returned 1 exit status
CMakeFiles/cmTC_e4126.dir/build.make:97: recipe for target 'cmTC_e4126' failed
make[1]: *** [cmTC_e4126] Error 1
make[1]: Leaving directory '/home/meraxes/git/trees-generator/bin/CMakeFiles/CMakeTmp'
Makefile:126: recipe for target 'cmTC_e4126/fast' failed
make: *** [cmTC_e4126/fast] Error 2


Determining if the pthread_create exist failed with the following output:
Change Dir: /home/meraxes/git/trees-generator/bin/CMakeFiles/CMakeTmp

Run Build Command:"/usr/bin/make" "cmTC_4473e/fast"
/usr/bin/make -f CMakeFiles/cmTC_4473e.dir/build.make CMakeFiles/cmTC_4473e.dir/build
make[1]: Entering directory '/home/meraxes/git/trees-generator/bin/CMakeFiles/CMakeTmp'
Building C object CMakeFiles/cmTC_4473e.dir/CheckSymbolExists.c.o
/usr/bin/cc    -o CMakeFiles/cmTC_4473e.dir/CheckSymbolExists.c.o   -c /home/meraxes/git/trees-generator/bin/CMakeFiles/CMakeTmp/CheckSymbolExists.c
Linking C executable cmTC_4473e
/etc/clion-2017.2.3/bin/cmake/bin/cmake -E cmake_link_script CMakeFiles/cmTC_4473e.dir/link.txt --verbose=1
/usr/bin/cc      CMakeFiles/cmTC_4473e.dir/CheckSymbolExists.c.o  -o cmTC_4473e 
CMakeFiles/cmTC_4473e.dir/CheckSymbolExists.c.o: In function `main':
CheckSymbolExists.c:(.text+0x1b): undefined reference to `pthread_create'
collect2: error: ld returned 1 exit status
CMakeFiles/cmTC_4473e.dir/build.make:97: recipe for target 'cmTC_4473e' failed
make[1]: *** [cmTC_4473e] Error 1
make[1]: Leaving directory '/home/meraxes/git/trees-generator/bin/CMakeFiles/CMakeTmp'
Makefile:126: recipe for target 'cmTC_4473e/fast' failed
make: *** [cmTC_4473e/fast] Error 2

File /home/meraxes/git/trees-generator/bin/CMakeFiles/CMakeTmp/CheckSymbolExists.c:
/* */
#include <pthread.h>

int main(int argc, char** argv)
{
  (void)argv;
#ifndef pthread_create
  return ((int*)(&pthread_create))[argc];
#else
  (void)argc;
  return 0;
#endif
}

Determining if the function pthread_create exists in the pthreads failed with the following output:
Change Dir: /home/meraxes/git/trees-generator/bin/CMakeFiles/CMakeTmp

Run Build Command:"/usr/bin/make" "cmTC_f2a45/fast"
/usr/bin/make -f CMakeFiles/cmTC_f2a45.dir/build.make CMakeFiles/cmTC_f2a45.dir/build
make[1]: Entering directory '/home/meraxes/git/trees-generator/bin/CMakeFiles/CMakeTmp'
Building C object CMakeFiles/cmTC_f2a45.dir/CheckFunctionExists.c.o
/usr/bin/cc   -DCHECK_FUNCTION_EXISTS=pthread_create   -o CMakeFiles/cmTC_f2a45.dir/CheckFunctionExists.c.o   -c /etc/clion-2017.2.3/bin/cmake/share/cmake-3.9/Modules/CheckFunctionExists.c
Linking C executable cmTC_f2a45
/etc/clion-2017.2.3/bin/cmake/bin/cmake -E cmake_link_script CMakeFiles/cmTC_f2a45.dir/link.txt --verbose=1
/usr/bin/cc  -DCHECK_FUNCTION_EXISTS=pthread_create    CMakeFiles/cmTC_f2a45.dir/CheckFunctionExists.c.o  -o cmTC_f2a45 -lpthreads 
/usr/bin/ld: cannot find -lpthreads
collect2: error: ld returned 1 exit status
CMakeFiles/cmTC_f2a45.dir/build.make:97: recipe for target 'cmTC_f2a45' failed
make[1]: *** [cmTC_f2a45] Error 1
make[1]: Leaving directory '/home/meraxes/git/trees-generator/bin/CMakeFiles/CMakeTmp'
Makefile:126: recipe for target 'cmTC_f2a45/fast' failed
make: *** [cmTC_f2a45/fast] Error 2


